<?xml version="1.0" encoding="UTF-8"?>
<!-- Generated by org.testng.reporters.JUnitReportReporter -->
<testsuite hostname="shubhams-MacBook-Air.local" failures="0" tests="3" name="org.example.TestCases" time="0.005" errors="0" timestamp="2023-07-03T15:13:19 IST" skipped="0">
  <testcase classname="org.example.TestCases" name="SecondTest" time="0.004"/>
  <system-out/>
  <testcase classname="org.example.TestCases" name="setup" time="0.000"/>
  <system-out/>
  <testcase classname="org.example.TestCases" name="FinalTest" time="0.001"/>
  <system-out/>
</testsuite> <!-- org.example.TestCases -->
